<?xml version="1.0" encoding="UTF-8"?>
<testsuite xmlns:xsi="http://www.w3.org/2001/XMLSchema-instance" xsi:noNamespaceSchemaLocation="https://maven.apache.org/surefire/maven-surefire-plugin/xsd/surefire-test-report-3.0.xsd" version="3.0" name="com.uliconsulting.n239.N239ApplicationTests" time="9.05" tests="1" errors="0" skipped="0" failures="0">
  <properties>
[...]
</properties>
  <testcase name="contextLoads" classname="com.uliconsulting.n239.N239ApplicationTests" time="1.923">
    <system-out><![CDATA[05:52:52.607 [main] INFO org.springframework.test.context.support.AnnotationConfigContextLoaderUtils -- Could not detect default configuration classes for test class [com.uliconsulting.n239.N239ApplicationTests]: N239ApplicationTests does not declare any static, non-private, non-final, nested classes annotated with @Configuration.
05:52:52.914 [main] INFO org.springframework.boot.test.context.SpringBootTestContextBootstrapper -- Found @SpringBootConfiguration com.uliconsulting.n239.N239Application for test class com.uliconsulting.n239.N239ApplicationTests

  .   ____          _            __ _ _
 /\\ / ___'_ __ _ _(_)_ __  __ _ \ \ \ \
( ( )\___ | '_ | '_| | '_ \/ _` | \ \ \ \
 \\/  ___)| |_)| | | | | || (_| |  ) ) ) )
  '  |____| .__|_| |_|_| |_\__, | / / / /
 =========|_|==============|___/=/_/_/_/
 :: Spring Boot ::                (v3.2.0)

2023-12-05T05:52:54.289-08:00  INFO 14032 --- [           main] c.u.n239.N239ApplicationTests            : Starting N239ApplicationTests using Java 17.0.8 with PID 14032 (started by HP in C:\Users\HP\Documents\Java Source\Desktop\n239)
2023-12-05T05:52:54.290-08:00  INFO 14032 --- [           main] c.u.n239.N239ApplicationTests            : No active profile set, falling back to 1 default profile: "default"
2023-12-05T05:52:59.047-08:00  INFO 14032 --- [           main] o.s.b.a.e.web.EndpointLinksResolver      : Exposing 13 endpoint(s) beneath base path '/actuator'
2023-12-05T05:52:59.146-08:00  INFO 14032 --- [           main] c.u.n239.N239ApplicationTests            : Started N239ApplicationTests in 5.647 seconds (process running for 8.027)
]]></system-out>
  </testcase>
</testsuite>